CRITICAL - 2023-03-17 18:49:16 --> syntax error, unexpected variable "$data"
in APPPATH\Controllers\ContactoController.php on line 8.
 1 SYSTEMPATH\Autoloader\Autoloader.php(289): CodeIgniter\Autoloader\Autoloader->includeFile('APPPATH\\Controllers\\ContactoController.php')
 2 SYSTEMPATH\Autoloader\Autoloader.php(267): CodeIgniter\Autoloader\Autoloader->loadInNamespace('App\\Controllers\\ContactoController')
 3 [internal function]: CodeIgniter\Autoloader\Autoloader->loadClass('App\\Controllers\\ContactoController')
 4 SYSTEMPATH\CodeIgniter.php(892): class_exists('\\App\\Controllers\\ContactoController', true)
 5 SYSTEMPATH\CodeIgniter.php(486): CodeIgniter\CodeIgniter->startController()
 6 SYSTEMPATH\CodeIgniter.php(368): CodeIgniter\CodeIgniter->handleRequest(null, Object(Config\Cache), false)
 7 FCPATH\index.php(67): CodeIgniter\CodeIgniter->run()
CRITICAL - 2023-03-17 18:49:24 --> syntax error, unexpected variable "$data"
in APPPATH\Controllers\ContactoController.php on line 8.
 1 SYSTEMPATH\Autoloader\Autoloader.php(289): CodeIgniter\Autoloader\Autoloader->includeFile('APPPATH\\Controllers\\ContactoController.php')
 2 SYSTEMPATH\Autoloader\Autoloader.php(267): CodeIgniter\Autoloader\Autoloader->loadInNamespace('App\\Controllers\\ContactoController')
 3 [internal function]: CodeIgniter\Autoloader\Autoloader->loadClass('App\\Controllers\\ContactoController')
 4 SYSTEMPATH\CodeIgniter.php(892): class_exists('\\App\\Controllers\\ContactoController', true)
 5 SYSTEMPATH\CodeIgniter.php(486): CodeIgniter\CodeIgniter->startController()
 6 SYSTEMPATH\CodeIgniter.php(368): CodeIgniter\CodeIgniter->handleRequest(null, Object(Config\Cache), false)
 7 FCPATH\index.php(67): CodeIgniter\CodeIgniter->run()
CRITICAL - 2023-03-17 19:47:29 --> Undefined variable $numero
in APPPATH\Views\contacto\catalogo.php on line 4.
 1 APPPATH\Views\contacto\catalogo.php(4): CodeIgniter\Debug\Exceptions->errorHandler(2, 'Undefined variable $numero', 'APPPATH\\Views\\contacto\\catalogo.php', 4)
 2 SYSTEMPATH\View\View.php(213): include('APPPATH\\Views\\contacto\\catalogo.php')
 3 SYSTEMPATH\View\View.php(216): CodeIgniter\View\View->CodeIgniter\View\{closure}()
 4 SYSTEMPATH\Common.php(1184): CodeIgniter\View\View->render('contacto/catalogo', [], true)
 5 APPPATH\Controllers\ContactoController.php(22): view('contacto/catalogo')
 6 SYSTEMPATH\CodeIgniter.php(934): App\Controllers\contactocontroller->catalogo('1')
 7 SYSTEMPATH\CodeIgniter.php(499): CodeIgniter\CodeIgniter->runController(Object(App\Controllers\contactocontroller))
 8 SYSTEMPATH\CodeIgniter.php(368): CodeIgniter\CodeIgniter->handleRequest(null, Object(Config\Cache), false)
 9 FCPATH\index.php(67): CodeIgniter\CodeIgniter->run()
CRITICAL - 2023-03-17 19:47:36 --> Undefined variable $numero
in APPPATH\Views\contacto\catalogo.php on line 4.
 1 APPPATH\Views\contacto\catalogo.php(4): CodeIgniter\Debug\Exceptions->errorHandler(2, 'Undefined variable $numero', 'APPPATH\\Views\\contacto\\catalogo.php', 4)
 2 SYSTEMPATH\View\View.php(213): include('APPPATH\\Views\\contacto\\catalogo.php')
 3 SYSTEMPATH\View\View.php(216): CodeIgniter\View\View->CodeIgniter\View\{closure}()
 4 SYSTEMPATH\Common.php(1184): CodeIgniter\View\View->render('contacto/catalogo', [], true)
 5 APPPATH\Controllers\ContactoController.php(22): view('contacto/catalogo')
 6 SYSTEMPATH\CodeIgniter.php(934): App\Controllers\contactocontroller->catalogo('0')
 7 SYSTEMPATH\CodeIgniter.php(499): CodeIgniter\CodeIgniter->runController(Object(App\Controllers\contactocontroller))
 8 SYSTEMPATH\CodeIgniter.php(368): CodeIgniter\CodeIgniter->handleRequest(null, Object(Config\Cache), false)
 9 FCPATH\index.php(67): CodeIgniter\CodeIgniter->run()
CRITICAL - 2023-03-17 19:50:15 --> Undefined variable $numero
in APPPATH\Views\contacto\catalogo.php on line 4.
 1 APPPATH\Views\contacto\catalogo.php(4): CodeIgniter\Debug\Exceptions->errorHandler(2, 'Undefined variable $numero', 'APPPATH\\Views\\contacto\\catalogo.php', 4)
 2 SYSTEMPATH\View\View.php(213): include('APPPATH\\Views\\contacto\\catalogo.php')
 3 SYSTEMPATH\View\View.php(216): CodeIgniter\View\View->CodeIgniter\View\{closure}()
 4 SYSTEMPATH\Common.php(1184): CodeIgniter\View\View->render('contacto/catalogo', [], true)
 5 APPPATH\Controllers\ContactoController.php(22): view('contacto/catalogo')
 6 SYSTEMPATH\CodeIgniter.php(934): App\Controllers\contactocontroller->catalogo('0')
 7 SYSTEMPATH\CodeIgniter.php(499): CodeIgniter\CodeIgniter->runController(Object(App\Controllers\contactocontroller))
 8 SYSTEMPATH\CodeIgniter.php(368): CodeIgniter\CodeIgniter->handleRequest(null, Object(Config\Cache), false)
 9 FCPATH\index.php(67): CodeIgniter\CodeIgniter->run()
CRITICAL - 2023-03-17 19:50:17 --> Undefined variable $numero
in APPPATH\Views\contacto\catalogo.php on line 4.
 1 APPPATH\Views\contacto\catalogo.php(4): CodeIgniter\Debug\Exceptions->errorHandler(2, 'Undefined variable $numero', 'APPPATH\\Views\\contacto\\catalogo.php', 4)
 2 SYSTEMPATH\View\View.php(213): include('APPPATH\\Views\\contacto\\catalogo.php')
 3 SYSTEMPATH\View\View.php(216): CodeIgniter\View\View->CodeIgniter\View\{closure}()
 4 SYSTEMPATH\Common.php(1184): CodeIgniter\View\View->render('contacto/catalogo', [], true)
 5 APPPATH\Controllers\ContactoController.php(22): view('contacto/catalogo')
 6 SYSTEMPATH\CodeIgniter.php(934): App\Controllers\contactocontroller->catalogo('0')
 7 SYSTEMPATH\CodeIgniter.php(499): CodeIgniter\CodeIgniter->runController(Object(App\Controllers\contactocontroller))
 8 SYSTEMPATH\CodeIgniter.php(368): CodeIgniter\CodeIgniter->handleRequest(null, Object(Config\Cache), false)
 9 FCPATH\index.php(67): CodeIgniter\CodeIgniter->run()
CRITICAL - 2023-03-17 19:50:19 --> Undefined variable $numero
in APPPATH\Views\contacto\catalogo.php on line 4.
 1 APPPATH\Views\contacto\catalogo.php(4): CodeIgniter\Debug\Exceptions->errorHandler(2, 'Undefined variable $numero', 'APPPATH\\Views\\contacto\\catalogo.php', 4)
 2 SYSTEMPATH\View\View.php(213): include('APPPATH\\Views\\contacto\\catalogo.php')
 3 SYSTEMPATH\View\View.php(216): CodeIgniter\View\View->CodeIgniter\View\{closure}()
 4 SYSTEMPATH\Common.php(1184): CodeIgniter\View\View->render('contacto/catalogo', [], true)
 5 APPPATH\Controllers\ContactoController.php(22): view('contacto/catalogo')
 6 SYSTEMPATH\CodeIgniter.php(934): App\Controllers\contactocontroller->catalogo('1')
 7 SYSTEMPATH\CodeIgniter.php(499): CodeIgniter\CodeIgniter->runController(Object(App\Controllers\contactocontroller))
 8 SYSTEMPATH\CodeIgniter.php(368): CodeIgniter\CodeIgniter->handleRequest(null, Object(Config\Cache), false)
 9 FCPATH\index.php(67): CodeIgniter\CodeIgniter->run()
CRITICAL - 2023-03-17 19:50:27 --> Undefined variable $numero
in APPPATH\Views\contacto\catalogo.php on line 4.
 1 APPPATH\Views\contacto\catalogo.php(4): CodeIgniter\Debug\Exceptions->errorHandler(2, 'Undefined variable $numero', 'APPPATH\\Views\\contacto\\catalogo.php', 4)
 2 SYSTEMPATH\View\View.php(213): include('APPPATH\\Views\\contacto\\catalogo.php')
 3 SYSTEMPATH\View\View.php(216): CodeIgniter\View\View->CodeIgniter\View\{closure}()
 4 SYSTEMPATH\Common.php(1184): CodeIgniter\View\View->render('contacto/catalogo', [], true)
 5 APPPATH\Controllers\ContactoController.php(22): view('contacto/catalogo')
 6 SYSTEMPATH\CodeIgniter.php(934): App\Controllers\contactocontroller->catalogo('1')
 7 SYSTEMPATH\CodeIgniter.php(499): CodeIgniter\CodeIgniter->runController(Object(App\Controllers\contactocontroller))
 8 SYSTEMPATH\CodeIgniter.php(368): CodeIgniter\CodeIgniter->handleRequest(null, Object(Config\Cache), false)
 9 FCPATH\index.php(67): CodeIgniter\CodeIgniter->run()
CRITICAL - 2023-03-17 19:50:29 --> Undefined variable $numero
in APPPATH\Views\contacto\catalogo.php on line 4.
 1 APPPATH\Views\contacto\catalogo.php(4): CodeIgniter\Debug\Exceptions->errorHandler(2, 'Undefined variable $numero', 'APPPATH\\Views\\contacto\\catalogo.php', 4)
 2 SYSTEMPATH\View\View.php(213): include('APPPATH\\Views\\contacto\\catalogo.php')
 3 SYSTEMPATH\View\View.php(216): CodeIgniter\View\View->CodeIgniter\View\{closure}()
 4 SYSTEMPATH\Common.php(1184): CodeIgniter\View\View->render('contacto/catalogo', [], true)
 5 APPPATH\Controllers\ContactoController.php(22): view('contacto/catalogo')
 6 SYSTEMPATH\CodeIgniter.php(934): App\Controllers\contactocontroller->catalogo('1')
 7 SYSTEMPATH\CodeIgniter.php(499): CodeIgniter\CodeIgniter->runController(Object(App\Controllers\contactocontroller))
 8 SYSTEMPATH\CodeIgniter.php(368): CodeIgniter\CodeIgniter->handleRequest(null, Object(Config\Cache), false)
 9 FCPATH\index.php(67): CodeIgniter\CodeIgniter->run()
CRITICAL - 2023-03-17 19:52:02 --> Undefined variable $numero
in APPPATH\Views\contacto\catalogo.php on line 4.
 1 APPPATH\Views\contacto\catalogo.php(4): CodeIgniter\Debug\Exceptions->errorHandler(2, 'Undefined variable $numero', 'APPPATH\\Views\\contacto\\catalogo.php', 4)
 2 SYSTEMPATH\View\View.php(213): include('APPPATH\\Views\\contacto\\catalogo.php')
 3 SYSTEMPATH\View\View.php(216): CodeIgniter\View\View->CodeIgniter\View\{closure}()
 4 SYSTEMPATH\Common.php(1184): CodeIgniter\View\View->render('contacto/catalogo', [], true)
 5 APPPATH\Controllers\ContactoController.php(22): view('contacto/catalogo')
 6 SYSTEMPATH\CodeIgniter.php(934): App\Controllers\contactocontroller->catalogo('1')
 7 SYSTEMPATH\CodeIgniter.php(499): CodeIgniter\CodeIgniter->runController(Object(App\Controllers\contactocontroller))
 8 SYSTEMPATH\CodeIgniter.php(368): CodeIgniter\CodeIgniter->handleRequest(null, Object(Config\Cache), false)
 9 FCPATH\index.php(67): CodeIgniter\CodeIgniter->run()
CRITICAL - 2023-03-17 19:52:53 --> Undefined variable $numero
in APPPATH\Views\contacto\catalogo.php on line 4.
 1 APPPATH\Views\contacto\catalogo.php(4): CodeIgniter\Debug\Exceptions->errorHandler(2, 'Undefined variable $numero', 'APPPATH\\Views\\contacto\\catalogo.php', 4)
 2 SYSTEMPATH\View\View.php(213): include('APPPATH\\Views\\contacto\\catalogo.php')
 3 SYSTEMPATH\View\View.php(216): CodeIgniter\View\View->CodeIgniter\View\{closure}()
 4 SYSTEMPATH\Common.php(1184): CodeIgniter\View\View->render('contacto/catalogo', [], true)
 5 APPPATH\Controllers\ContactoController.php(22): view('contacto/catalogo')
 6 SYSTEMPATH\CodeIgniter.php(934): App\Controllers\contactocontroller->catalogo('1')
 7 SYSTEMPATH\CodeIgniter.php(499): CodeIgniter\CodeIgniter->runController(Object(App\Controllers\contactocontroller))
 8 SYSTEMPATH\CodeIgniter.php(368): CodeIgniter\CodeIgniter->handleRequest(null, Object(Config\Cache), false)
 9 FCPATH\index.php(67): CodeIgniter\CodeIgniter->run()
CRITICAL - 2023-03-17 19:52:53 --> Undefined variable $numero
in APPPATH\Views\contacto\catalogo.php on line 4.
 1 APPPATH\Views\contacto\catalogo.php(4): CodeIgniter\Debug\Exceptions->errorHandler(2, 'Undefined variable $numero', 'APPPATH\\Views\\contacto\\catalogo.php', 4)
 2 SYSTEMPATH\View\View.php(213): include('APPPATH\\Views\\contacto\\catalogo.php')
 3 SYSTEMPATH\View\View.php(216): CodeIgniter\View\View->CodeIgniter\View\{closure}()
 4 SYSTEMPATH\Common.php(1184): CodeIgniter\View\View->render('contacto/catalogo', [], true)
 5 APPPATH\Controllers\ContactoController.php(22): view('contacto/catalogo')
 6 SYSTEMPATH\CodeIgniter.php(934): App\Controllers\contactocontroller->catalogo('1')
 7 SYSTEMPATH\CodeIgniter.php(499): CodeIgniter\CodeIgniter->runController(Object(App\Controllers\contactocontroller))
 8 SYSTEMPATH\CodeIgniter.php(368): CodeIgniter\CodeIgniter->handleRequest(null, Object(Config\Cache), false)
 9 FCPATH\index.php(67): CodeIgniter\CodeIgniter->run()
CRITICAL - 2023-03-17 19:52:53 --> Undefined variable $numero
in APPPATH\Views\contacto\catalogo.php on line 4.
 1 APPPATH\Views\contacto\catalogo.php(4): CodeIgniter\Debug\Exceptions->errorHandler(2, 'Undefined variable $numero', 'APPPATH\\Views\\contacto\\catalogo.php', 4)
 2 SYSTEMPATH\View\View.php(213): include('APPPATH\\Views\\contacto\\catalogo.php')
 3 SYSTEMPATH\View\View.php(216): CodeIgniter\View\View->CodeIgniter\View\{closure}()
 4 SYSTEMPATH\Common.php(1184): CodeIgniter\View\View->render('contacto/catalogo', [], true)
 5 APPPATH\Controllers\ContactoController.php(22): view('contacto/catalogo')
 6 SYSTEMPATH\CodeIgniter.php(934): App\Controllers\contactocontroller->catalogo('1')
 7 SYSTEMPATH\CodeIgniter.php(499): CodeIgniter\CodeIgniter->runController(Object(App\Controllers\contactocontroller))
 8 SYSTEMPATH\CodeIgniter.php(368): CodeIgniter\CodeIgniter->handleRequest(null, Object(Config\Cache), false)
 9 FCPATH\index.php(67): CodeIgniter\CodeIgniter->run()
CRITICAL - 2023-03-17 19:52:54 --> Undefined variable $numero
in APPPATH\Views\contacto\catalogo.php on line 4.
 1 APPPATH\Views\contacto\catalogo.php(4): CodeIgniter\Debug\Exceptions->errorHandler(2, 'Undefined variable $numero', 'APPPATH\\Views\\contacto\\catalogo.php', 4)
 2 SYSTEMPATH\View\View.php(213): include('APPPATH\\Views\\contacto\\catalogo.php')
 3 SYSTEMPATH\View\View.php(216): CodeIgniter\View\View->CodeIgniter\View\{closure}()
 4 SYSTEMPATH\Common.php(1184): CodeIgniter\View\View->render('contacto/catalogo', [], true)
 5 APPPATH\Controllers\ContactoController.php(22): view('contacto/catalogo')
 6 SYSTEMPATH\CodeIgniter.php(934): App\Controllers\contactocontroller->catalogo('1')
 7 SYSTEMPATH\CodeIgniter.php(499): CodeIgniter\CodeIgniter->runController(Object(App\Controllers\contactocontroller))
 8 SYSTEMPATH\CodeIgniter.php(368): CodeIgniter\CodeIgniter->handleRequest(null, Object(Config\Cache), false)
 9 FCPATH\index.php(67): CodeIgniter\CodeIgniter->run()
CRITICAL - 2023-03-17 19:52:54 --> Undefined variable $numero
in APPPATH\Views\contacto\catalogo.php on line 4.
 1 APPPATH\Views\contacto\catalogo.php(4): CodeIgniter\Debug\Exceptions->errorHandler(2, 'Undefined variable $numero', 'APPPATH\\Views\\contacto\\catalogo.php', 4)
 2 SYSTEMPATH\View\View.php(213): include('APPPATH\\Views\\contacto\\catalogo.php')
 3 SYSTEMPATH\View\View.php(216): CodeIgniter\View\View->CodeIgniter\View\{closure}()
 4 SYSTEMPATH\Common.php(1184): CodeIgniter\View\View->render('contacto/catalogo', [], true)
 5 APPPATH\Controllers\ContactoController.php(22): view('contacto/catalogo')
 6 SYSTEMPATH\CodeIgniter.php(934): App\Controllers\contactocontroller->catalogo('1')
 7 SYSTEMPATH\CodeIgniter.php(499): CodeIgniter\CodeIgniter->runController(Object(App\Controllers\contactocontroller))
 8 SYSTEMPATH\CodeIgniter.php(368): CodeIgniter\CodeIgniter->handleRequest(null, Object(Config\Cache), false)
 9 FCPATH\index.php(67): CodeIgniter\CodeIgniter->run()
CRITICAL - 2023-03-17 19:52:54 --> Undefined variable $numero
in APPPATH\Views\contacto\catalogo.php on line 4.
 1 APPPATH\Views\contacto\catalogo.php(4): CodeIgniter\Debug\Exceptions->errorHandler(2, 'Undefined variable $numero', 'APPPATH\\Views\\contacto\\catalogo.php', 4)
 2 SYSTEMPATH\View\View.php(213): include('APPPATH\\Views\\contacto\\catalogo.php')
 3 SYSTEMPATH\View\View.php(216): CodeIgniter\View\View->CodeIgniter\View\{closure}()
 4 SYSTEMPATH\Common.php(1184): CodeIgniter\View\View->render('contacto/catalogo', [], true)
 5 APPPATH\Controllers\ContactoController.php(22): view('contacto/catalogo')
 6 SYSTEMPATH\CodeIgniter.php(934): App\Controllers\contactocontroller->catalogo('1')
 7 SYSTEMPATH\CodeIgniter.php(499): CodeIgniter\CodeIgniter->runController(Object(App\Controllers\contactocontroller))
 8 SYSTEMPATH\CodeIgniter.php(368): CodeIgniter\CodeIgniter->handleRequest(null, Object(Config\Cache), false)
 9 FCPATH\index.php(67): CodeIgniter\CodeIgniter->run()
CRITICAL - 2023-03-17 20:25:36 --> syntax error, unexpected token ":"
in APPPATH\Controllers\ContactoController.php on line 11.
 1 SYSTEMPATH\Autoloader\Autoloader.php(289): CodeIgniter\Autoloader\Autoloader->includeFile('APPPATH\\Controllers\\ContactoController.php')
 2 SYSTEMPATH\Autoloader\Autoloader.php(267): CodeIgniter\Autoloader\Autoloader->loadInNamespace('App\\Controllers\\ContactoController')
 3 [internal function]: CodeIgniter\Autoloader\Autoloader->loadClass('App\\Controllers\\ContactoController')
 4 SYSTEMPATH\CodeIgniter.php(892): class_exists('\\App\\Controllers\\ContactoController', true)
 5 SYSTEMPATH\CodeIgniter.php(486): CodeIgniter\CodeIgniter->startController()
 6 SYSTEMPATH\CodeIgniter.php(368): CodeIgniter\CodeIgniter->handleRequest(null, Object(Config\Cache), false)
 7 FCPATH\index.php(67): CodeIgniter\CodeIgniter->run()
CRITICAL - 2023-03-17 20:25:38 --> syntax error, unexpected token ":"
in APPPATH\Controllers\ContactoController.php on line 11.
 1 SYSTEMPATH\Autoloader\Autoloader.php(289): CodeIgniter\Autoloader\Autoloader->includeFile('APPPATH\\Controllers\\ContactoController.php')
 2 SYSTEMPATH\Autoloader\Autoloader.php(267): CodeIgniter\Autoloader\Autoloader->loadInNamespace('App\\Controllers\\ContactoController')
 3 [internal function]: CodeIgniter\Autoloader\Autoloader->loadClass('App\\Controllers\\ContactoController')
 4 SYSTEMPATH\CodeIgniter.php(892): class_exists('\\App\\Controllers\\ContactoController', true)
 5 SYSTEMPATH\CodeIgniter.php(486): CodeIgniter\CodeIgniter->startController()
 6 SYSTEMPATH\CodeIgniter.php(368): CodeIgniter\CodeIgniter->handleRequest(null, Object(Config\Cache), false)
 7 FCPATH\index.php(67): CodeIgniter\CodeIgniter->run()
